<?xml version="1.0" encoding="UTF-8"?>
<!-- Generated by org.testng.reporters.JUnitReportReporter -->
<testsuite hostname="DESKTOP-MD06BMI" failures="0" tests="1" name="run_tests.RunDressTests" time="9.787" errors="0" timestamp="2025-01-02T11:53:08 CET" skipped="0">
  <testcase classname="run_tests.RunDressTests" name="runScenario" time="9.787"/>
</testsuite> <!-- run_tests.RunDressTests -->
